<?xml version="1.0" encoding="UTF-8"?>
<!-- Generated by org.testng.reporters.JUnitXMLReporter -->
<testsuite hostname="DESKTOP-91B7HJ8" ignored="0" name="loginTestForTechFiosSite" tests="1" failures="1" timestamp="15 Jun 2019 15:39:44 GMT" time="0.036" errors="0">
  <testcase name="loginTestForTechFiosSite" time="0.0" classname="test.LoginTest">
    <failure type="org.testng.TestNGException" message="
Parameter &amp;apos;userName&amp;apos; is required by @Test on method loginTestForTechFiosSite but has not been marked @Optional or defined
in C:\Users\Stine\HybridFramework\TestNGParameter\data\TestNG.xml">
      <![CDATA[org.testng.TestNGException: 
Parameter 'userName' is required by @Test on method loginTestForTechFiosSite but has not been marked @Optional or defined
in C:\Users\Stine\HybridFramework\TestNGParameter\data\TestNG.xml
... Removed 24 stack frames]]>
    </failure>
  </testcase> <!-- loginTestForTechFiosSite -->
</testsuite> <!-- loginTestForTechFiosSite -->
